0 info it worked if it ends with ok
1 verbose cli [ 'node',
1 verbose cli   '/Users/kaicataldo/.nvm/versions/node/v0.12.7/bin/npm',
1 verbose cli   'version',
1 verbose cli   'v1.0.0' ]
2 info using npm@2.13.2
3 info using node@v0.12.7
4 info git [ 'status', '--porcelain' ]
5 verbose stack Error: Git working directory not clean.
5 verbose stack M  index.js
5 verbose stack     at /Users/kaicataldo/.nvm/versions/node/v0.12.7/lib/node_modules/npm/lib/version.js:171:21
5 verbose stack     at ChildProcess.exithandler (child_process.js:742:7)
5 verbose stack     at ChildProcess.emit (events.js:110:17)
5 verbose stack     at maybeClose (child_process.js:1015:16)
5 verbose stack     at Socket.<anonymous> (child_process.js:1183:11)
5 verbose stack     at Socket.emit (events.js:107:17)
5 verbose stack     at Pipe.close (net.js:485:12)
6 verbose cwd /Users/kaicataldo/Projects/rubber-ducky
7 error Darwin 14.4.0
8 error argv "node" "/Users/kaicataldo/.nvm/versions/node/v0.12.7/bin/npm" "version" "v1.0.0"
9 error node v0.12.7
10 error npm  v2.13.2
11 error Git working directory not clean.
11 error M  index.js
12 error If you need help, you may report this error at:
12 error     <https://github.com/npm/npm/issues>
13 verbose exit [ 1, true ]
